Wed Jan 03 2024 20:10:49 [UniTrack] error: 
Invalid `prisma.faculty.create()` invocation:

{
  data: {
    facultyId: "F-00004",
    firstName: "Abir",
    lastName: "Rahman",
    profileImage: "https://res.cloudinary.com/dbqkfq9bz/image/upload/v1704291046/gaiqqeuzfduvywjjogll.png",
    email: "parvezz1313@gmail.com",
    contactNo: "0197732607",
    gender: "male",
    bloodGroup: "B+",
    designation: "Garagonj",
    academicDepartmentId: "69b0e855-6253-4088-a1ed-0ce27087a825",
    academicFacultyId: "b394fee2-fc61-47c4-9ed2-6897ee70a9f0",
+   middleName: String
  },
  include: {
    academicFaculty: true,
    academicDepartment: true
  }
}

Argument `middleName` is missing.
Wed Jan 03 2024 20:36:41 [UniTrack] error: 
Invalid `prisma.faculty.create()` invocation:


Foreign key constraint failed on the field: `faculties_academicDepartmentId_fkey (index)`
Wed Jan 03 2024 20:41:31 [UniTrack] error: 
Invalid `prisma.faculty.create()` invocation:


Foreign key constraint failed on the field: `faculties_academicDepartmentId_fkey (index)`
Wed Jan 03 2024 20:49:43 [UniTrack] error: 
Invalid `prisma.faculty.create()` invocation:


Foreign key constraint failed on the field: `faculties_academicDepartmentId_fkey (index)`
