{
  message: 'Server running on port 3002',
  level: 'info',
  label: 'UniTrack',
  timestamp: '2024-07-04T14:48:42.279Z'
}
{
  message: 'Server running on port 3002',
  level: 'info',
  label: 'UniTrack',
  timestamp: '2024-07-04T14:52:47.660Z'
}
{
  message: 'Server running on port 3002',
  level: 'info',
  label: 'UniTrack',
  timestamp: '2024-07-04T14:53:21.577Z'
}
{
  message: 'Server running on port 3002',
  level: 'info',
  label: 'UniTrack',
  timestamp: '2024-07-04T14:53:34.459Z'
}
{
  message: 'Server running on port 3002',
  level: 'info',
  label: 'UniTrack',
  timestamp: '2024-07-04T14:53:40.314Z'
}
{
  message: 'Server running on port 3002',
  level: 'info',
  label: 'UniTrack',
  timestamp: '2024-07-04T14:54:19.112Z'
}
{
  message: 'Server running on port 3002',
  level: 'info',
  label: 'UniTrack',
  timestamp: '2024-07-04T14:54:31.922Z'
}
{
  message: 'Server running on port 3002',
  level: 'info',
  label: 'UniTrack',
  timestamp: '2024-07-04T14:55:47.659Z'
}
{
  message: 'Server running on port 3002',
  level: 'info',
  label: 'UniTrack',
  timestamp: '2024-07-04T14:59:46.138Z'
}
