{
  message: 'Server running on port 3002',
  level: 'info',
  label: 'UniTrack',
  timestamp: '2024-05-29T05:26:41.364Z'
}
{
  message: 'Server running on port 3002',
  level: 'info',
  label: 'UniTrack',
  timestamp: '2024-05-29T05:41:58.590Z'
}
{
  message: 'Server running on port 3002',
  level: 'info',
  label: 'UniTrack',
  timestamp: '2024-05-29T05:42:29.004Z'
}
{
  message: 'Server running on port 3002',
  level: 'info',
  label: 'UniTrack',
  timestamp: '2024-05-29T05:42:41.619Z'
}
{
  message: 'Server running on port 3002',
  level: 'info',
  label: 'UniTrack',
  timestamp: '2024-05-29T05:43:32.375Z'
}
{
  message: 'Server running on port 3002',
  level: 'info',
  label: 'UniTrack',
  timestamp: '2024-05-29T05:45:13.452Z'
}
