{
  message: 'Server running on port 5000',
  level: 'info',
  label: 'UniTrack',
  timestamp: '2023-11-20T17:00:31.984Z'
}
{
  message: 'Server running on port 5000',
  level: 'info',
  label: 'UniTrack',
  timestamp: '2023-11-20T17:01:35.036Z'
}
{
  message: 'Server running on port 5000',
  level: 'info',
  label: 'UniTrack',
  timestamp: '2023-11-20T17:01:50.371Z'
}
{
  message: 'Server running on port 5000',
  level: 'info',
  label: 'UniTrack',
  timestamp: '2023-11-20T17:03:40.864Z'
}
{
  message: 'Server running on port 5000',
  level: 'info',
  label: 'UniTrack',
  timestamp: '2023-11-20T17:04:38.360Z'
}
{
  message: 'Server running on port 5000',
  level: 'info',
  label: 'UniTrack',
  timestamp: '2023-11-20T17:05:31.603Z'
}
{
  message: 'Server running on port 5000',
  level: 'info',
  label: 'UniTrack',
  timestamp: '2023-11-20T17:05:44.165Z'
}
{
  message: 'Server running on port 5000',
  level: 'info',
  label: 'UniTrack',
  timestamp: '2023-11-20T17:06:09.548Z'
}
