{
  message: 'Server running on port 5000',
  level: 'info',
  label: 'UniTrack',
  timestamp: '2023-09-19T06:13:00.978Z'
}
{
  message: 'Server running on port 5000',
  level: 'info',
  label: 'UniTrack',
  timestamp: '2023-09-19T06:13:47.849Z'
}
{
  message: 'Server running on port 5000',
  level: 'info',
  label: 'UniTrack',
  timestamp: '2023-09-19T06:19:07.149Z'
}
{
  message: 'Server running on port 5000',
  level: 'info',
  label: 'UniTrack',
  timestamp: '2023-09-19T06:20:06.315Z'
}
{
  message: 'Server running on port 5000',
  level: 'info',
  label: 'UniTrack',
  timestamp: '2023-09-19T06:20:14.978Z'
}
{
  message: 'Server running on port 5000',
  level: 'info',
  label: 'UniTrack',
  timestamp: '2023-09-19T06:20:33.744Z'
}
