{
  message: 'Server running on port 3002',
  level: 'info',
  label: 'UniTrack',
  timestamp: '2024-04-22T06:00:23.487Z'
}
{
  message: 'Server running on port 3002',
  level: 'info',
  label: 'UniTrack',
  timestamp: '2024-04-22T06:05:10.526Z'
}
{
  message: 'Server running on port 3002',
  level: 'info',
  label: 'UniTrack',
  timestamp: '2024-04-22T06:08:26.721Z'
}
{
  message: 'Server running on port 3002',
  level: 'info',
  label: 'UniTrack',
  timestamp: '2024-04-22T06:11:37.675Z'
}
{
  message: 'Server running on port 3002',
  level: 'info',
  label: 'UniTrack',
  timestamp: '2024-04-22T06:16:15.985Z'
}
{
  message: 'Server running on port 3002',
  level: 'info',
  label: 'UniTrack',
  timestamp: '2024-04-22T06:16:32.941Z'
}
{
  message: 'Server running on port 3002',
  level: 'info',
  label: 'UniTrack',
  timestamp: '2024-04-22T06:18:27.088Z'
}
{
  message: 'Server running on port 3002',
  level: 'info',
  label: 'UniTrack',
  timestamp: '2024-04-22T06:18:38.692Z'
}
