{
  message: 'Server running on port 3002',
  level: 'info',
  label: 'UniTrack',
  timestamp: '2024-04-14T10:22:13.100Z'
}
{
  message: 'Server running on port 3002',
  level: 'info',
  label: 'UniTrack',
  timestamp: '2024-04-14T10:26:56.824Z'
}
{
  message: 'Server running on port 3002',
  level: 'info',
  label: 'UniTrack',
  timestamp: '2024-04-14T10:36:16.200Z'
}
{
  message: 'Server running on port 3002',
  level: 'info',
  label: 'UniTrack',
  timestamp: '2024-04-14T10:41:42.317Z'
}
{
  message: 'Server running on port 3002',
  level: 'info',
  label: 'UniTrack',
  timestamp: '2024-04-14T10:44:43.281Z'
}
