{
  message: 'Server running on port 5000',
  level: 'info',
  label: 'UniTrack',
  timestamp: '2023-09-22T04:01:17.826Z'
}
{
  message: 'Server running on port 5000',
  level: 'info',
  label: 'UniTrack',
  timestamp: '2023-09-22T04:03:47.591Z'
}
{
  message: 'Server running on port 5000',
  level: 'info',
  label: 'UniTrack',
  timestamp: '2023-09-22T04:04:14.860Z'
}
{
  message: 'Server running on port 5000',
  level: 'info',
  label: 'UniTrack',
  timestamp: '2023-09-22T04:04:27.734Z'
}
{
  message: 'Server running on port 5000',
  level: 'info',
  label: 'UniTrack',
  timestamp: '2023-09-22T04:05:27.160Z'
}
{
  message: 'Server running on port 5000',
  level: 'info',
  label: 'UniTrack',
  timestamp: '2023-09-22T04:09:07.692Z'
}
{
  message: 'Server running on port 5000',
  level: 'info',
  label: 'UniTrack',
  timestamp: '2023-09-22T04:09:45.633Z'
}
{
  message: 'Server running on port 5000',
  level: 'info',
  label: 'UniTrack',
  timestamp: '2023-09-22T04:11:02.698Z'
}
{
  message: 'Server running on port 5000',
  level: 'info',
  label: 'UniTrack',
  timestamp: '2023-09-22T04:11:15.294Z'
}
{
  message: 'Server running on port 5000',
  level: 'info',
  label: 'UniTrack',
  timestamp: '2023-09-22T04:12:08.690Z'
}
{
  message: 'Server running on port 5000',
  level: 'info',
  label: 'UniTrack',
  timestamp: '2023-09-22T04:12:43.077Z'
}
{
  message: 'Server running on port 5000',
  level: 'info',
  label: 'UniTrack',
  timestamp: '2023-09-22T04:13:33.454Z'
}
{
  message: 'Server running on port 5000',
  level: 'info',
  label: 'UniTrack',
  timestamp: '2023-09-22T04:13:59.138Z'
}
{
  message: 'Server running on port 5000',
  level: 'info',
  label: 'UniTrack',
  timestamp: '2023-09-22T04:14:25.853Z'
}
{
  message: 'Server running on port 5000',
  level: 'info',
  label: 'UniTrack',
  timestamp: '2023-09-22T04:15:16.560Z'
}
{
  message: 'Server running on port 5000',
  level: 'info',
  label: 'UniTrack',
  timestamp: '2023-09-22T04:46:34.786Z'
}
{
  message: 'Server running on port 5000',
  level: 'info',
  label: 'UniTrack',
  timestamp: '2023-09-22T04:59:28.806Z'
}
