{
  message: 'Server running on port 5000',
  level: 'info',
  label: 'UniTrack',
  timestamp: '2023-10-18T15:34:17.092Z'
}
{
  message: 'Server running on port 5000',
  level: 'info',
  label: 'UniTrack',
  timestamp: '2023-10-18T15:39:07.481Z'
}
{
  message: 'Server running on port 5000',
  level: 'info',
  label: 'UniTrack',
  timestamp: '2023-10-18T15:39:35.319Z'
}
{
  message: 'Server running on port 5000',
  level: 'info',
  label: 'UniTrack',
  timestamp: '2023-10-18T15:39:53.062Z'
}
{
  message: 'Server running on port 5000',
  level: 'info',
  label: 'UniTrack',
  timestamp: '2023-10-18T15:40:42.006Z'
}
{
  message: 'Server running on port 5000',
  level: 'info',
  label: 'UniTrack',
  timestamp: '2023-10-18T15:41:20.184Z'
}
