{
  message: 'Server running on port 3002',
  level: 'info',
  label: 'UniTrack',
  timestamp: '2024-04-14T09:15:18.668Z'
}
{
  message: 'Server running on port 3002',
  level: 'info',
  label: 'UniTrack',
  timestamp: '2024-04-14T09:17:21.213Z'
}
{
  message: 'Server running on port 3002',
  level: 'info',
  label: 'UniTrack',
  timestamp: '2024-04-14T09:28:38.957Z'
}
{
  message: 'Server running on port 3002',
  level: 'info',
  label: 'UniTrack',
  timestamp: '2024-04-14T09:39:54.515Z'
}
{
  message: 'Server running on port 3002',
  level: 'info',
  label: 'UniTrack',
  timestamp: '2024-04-14T09:40:30.989Z'
}
{
  message: 'Server running on port 3002',
  level: 'info',
  label: 'UniTrack',
  timestamp: '2024-04-14T09:41:15.738Z'
}
{
  message: 'Server running on port 3002',
  level: 'info',
  label: 'UniTrack',
  timestamp: '2024-04-14T09:41:41.501Z'
}
{
  message: 'Server running on port 3002',
  level: 'info',
  label: 'UniTrack',
  timestamp: '2024-04-14T09:42:00.780Z'
}
{
  message: 'Server running on port 3002',
  level: 'info',
  label: 'UniTrack',
  timestamp: '2024-04-14T09:42:08.317Z'
}
{
  message: 'Server running on port 3002',
  level: 'info',
  label: 'UniTrack',
  timestamp: '2024-04-14T09:42:59.138Z'
}
{
  message: 'Server running on port 3002',
  level: 'info',
  label: 'UniTrack',
  timestamp: '2024-04-14T09:43:04.651Z'
}
{
  message: 'Server running on port 3002',
  level: 'info',
  label: 'UniTrack',
  timestamp: '2024-04-14T09:51:16.926Z'
}
