{
  message: 'Server running on port 5000',
  level: 'info',
  label: 'UniTrack',
  timestamp: '2023-09-15T15:02:03.077Z'
}
{
  message: 'Server running on port 5000',
  level: 'info',
  label: 'UniTrack',
  timestamp: '2023-09-15T15:02:35.545Z'
}
{
  message: 'Server running on port 5000',
  level: 'info',
  label: 'UniTrack',
  timestamp: '2023-09-15T15:02:41.845Z'
}
{
  message: 'Server running on port 5000',
  level: 'info',
  label: 'UniTrack',
  timestamp: '2023-09-15T15:03:51.334Z'
}
{
  message: 'Server running on port 5000',
  level: 'info',
  label: 'UniTrack',
  timestamp: '2023-09-15T15:07:23.840Z'
}
{
  message: 'Server running on port 5000',
  level: 'info',
  label: 'UniTrack',
  timestamp: '2023-09-15T15:07:48.233Z'
}
{
  message: 'Server running on port 5000',
  level: 'info',
  label: 'UniTrack',
  timestamp: '2023-09-15T15:09:48.983Z'
}
{
  message: 'Server running on port 5000',
  level: 'info',
  label: 'UniTrack',
  timestamp: '2023-09-15T15:09:54.585Z'
}
{
  message: 'Server running on port 5000',
  level: 'info',
  label: 'UniTrack',
  timestamp: '2023-09-15T15:10:40.255Z'
}
{
  message: 'Server running on port 5000',
  level: 'info',
  label: 'UniTrack',
  timestamp: '2023-09-15T15:11:01.007Z'
}
{
  message: 'Server running on port 5000',
  level: 'info',
  label: 'UniTrack',
  timestamp: '2023-09-15T15:12:04.012Z'
}
{
  message: 'Server running on port 5000',
  level: 'info',
  label: 'UniTrack',
  timestamp: '2023-09-15T15:16:21.962Z'
}
{
  message: 'Server running on port 5000',
  level: 'info',
  label: 'UniTrack',
  timestamp: '2023-09-15T15:16:45.330Z'
}
{
  message: 'Server running on port 5000',
  level: 'info',
  label: 'UniTrack',
  timestamp: '2023-09-15T15:16:57.463Z'
}
{
  message: 'Server running on port 5000',
  level: 'info',
  label: 'UniTrack',
  timestamp: '2023-09-15T15:17:23.562Z'
}
